Arguments: 
  C:\Users\Mohammad\AppData\Roaming\nvm\v20.5.0\node.exe C:\Program Files (x86)\Yarn\bin\yarn.js install

PATH: 
  C:\Users\Mohammad\bin;C:\Program Files\Git\mingw64\bin;C:\Program Files\Git\usr\local\bin;C:\Program Files\Git\usr\bin;C:\Program Files\Git\usr\bin;C:\Program Files\Git\mingw64\bin;C:\Program Files\Git\usr\bin;C:\Users\Mohammad\bin;C:\Windows\system32;C:\Windows;C:\Windows\System32\Wbem;C:\Windows\System32\WindowsPowerShell\v1.0;C:\Windows\System32\OpenSSH;C:\Program Files (x86)\Yarn\bin;C:\Program Files\Git\cmd;C:\ProgramData\chocolatey\bin;C:\Users\Mohammad\AppData\Roaming\nvm;C:\Program Files\nodejs;C:\Users\Mohammad\AppData\Local\Microsoft\WindowsApps;C:\Users\Mohammad\AppData\Local\Programs\Microsoft VS Code\bin;C:\Users\Mohammad\AppData\Local\Yarn\bin;C:\Users\Mohammad\AppData\Roaming\nvm;C:\Program Files\nodejs;C:\Program Files\Git\usr\bin\vendor_perl;C:\Program Files\Git\usr\bin\core_perl

Yarn version: 
  1.22.19

Node version: 
  20.5.0

Platform: 
  win32 x64

Trace: 
  Error: https://registry.yarnpkg.com/date-fns/-/date-fns-2.30.0.tgz: ESOCKETTIMEDOUT
      at ClientRequest.<anonymous> (C:\Program Files (x86)\Yarn\lib\cli.js:141517:19)
      at Object.onceWrapper (node:events:628:28)
      at ClientRequest.emit (node:events:514:28)
      at TLSSocket.emitRequestTimeout (node:_http_client:840:9)
      at Object.onceWrapper (node:events:628:28)
      at TLSSocket.emit (node:events:526:35)
      at Socket._onTimeout (node:net:589:8)
      at listOnTimeout (node:internal/timers:573:17)
      at process.processTimers (node:internal/timers:514:7)

npm manifest: 
  {
    "name": "assignment-template",
    "version": "1.0.0",
    "main": "index.js",
    "author": "Nikolay Halkin <mr.galkin@gmail.com>",
    "license": "MIT",
    "scripts": {
      "build": "webpack",
      "start": "webpack serve --open",
      "lint": "eslint \"**/*.js\"",
      "lint:fix": "eslint \"**/*.js\" --fix",
      "prettier": "prettier --check \"**/*.js\"",
      "format": "prettier --write \"**/*.js\"",
      "server": "json-server --watch db.json",
      "dev": "concurrently --kill-others \"yarn start\" \"yarn server\"",
      "prepare": "husky install"
    },
    "engines": {
      "npm": "please-use-yarn",
      "yarn": ">= 1.22.19"
    },
    "devDependencies": {
      "concurrently": "^8.0.1",
      "eslint": "^8.41.0",
      "eslint-config-airbnb-base": "^15.0.0",
      "eslint-config-prettier": "^8.8.0",
      "eslint-plugin-import": "^2.27.5",
      "eslint-plugin-prettier": "^4.2.1",
      "html-webpack-plugin": "^5.5.1",
      "husky": "^8.0.3",
      "json-server": "^0.17.3",
      "lint-staged": "^13.2.2",
      "jest": "^29.6.1",
      "prettier": "^2.8.8",
      "webpack": "^5.83.1",
      "webpack-cli": "^5.1.1",
      "webpack-dev-server": "^4.1.0",
      "css-loader": "^6.8.1",
      "style-loader": "^3.3.3"
    },
    "lint-staged": {
      "**/*.js": [
        "eslint --cache --fix",
        "prettier --write"
      ]
    }
  }

yarn manifest: 
  No manifest

Lockfile: 
  No lockfile
